ď»ż
> ai-resume-builder@0.1.0 build
> next build

  Î“Ă»â–“ Next.js 14.2.35
  - Environments: .env.local

   Creating an optimized production build ...
 Î“ÂŁĂ´ Compiled successfully
   Linting and checking validity of types ...
   Collecting page data ...
   Generating static pages (0/69) ...
   Generating static pages (17/69) 
   Generating static pages (34/69) 
   Generating static pages (51/69) 
 Î“ÂŁĂ´ Generating static pages (69/69)
   Finalizing page optimization ...
   Collecting build traces ...

Route (app)                                             Size     First Load JS
Î“Ă¶Ă® Î“ĂąĂŻ /_not-found                                         880 B          88.6 kB
Î“Ă¶ÂŁ â•žĂ† /[region]/[lang]                                    8.65 kB         145 kB
Î“Ă¶ÂŁ â•žĂ† /[region]/[lang]/account                            207 B          96.7 kB
Î“Ă¶ÂŁ â•žĂ† /[region]/[lang]/billing                            6.86 kB         103 kB
Î“Ă¶ÂŁ â•žĂ† /[region]/[lang]/companies/[name]                   143 B          99.8 kB
Î“Ă¶ÂŁ â•žĂ† /[region]/[lang]/cookie-policy                      179 B          87.9 kB
Î“Ă¶ÂŁ â•žĂ† /[region]/[lang]/dashboard                          1.61 kB        98.1 kB
Î“Ă¶ÂŁ â•žĂ† /[region]/[lang]/dashboard-jobs                     6.12 kB         103 kB
Î“Ă¶ÂŁ â•žĂ† /[region]/[lang]/dashboard-jobs/[slug]              179 B          87.9 kB
Î“Ă¶ÂŁ â•žĂ† /[region]/[lang]/dashboard/invoices                 2.26 kB        97.2 kB
Î“Ă¶ÂŁ â•žĂ† /[region]/[lang]/dashboard/support                  4.26 kB        99.2 kB
Î“Ă¶ÂŁ â•žĂ† /[region]/[lang]/data-deletion                      207 B          96.7 kB
Î“Ă¶ÂŁ â•žĂ† /[region]/[lang]/forgot-password                    2.43 kB        98.9 kB
Î“Ă¶ÂŁ â•žĂ† /[region]/[lang]/job/[slug]                         207 B          96.7 kB
Î“Ă¶ÂŁ â•žĂ† /[region]/[lang]/jobforgeai                         8.42 kB         145 kB
Î“Ă¶ÂŁ â•žĂ† /[region]/[lang]/jobforgeai/share/[conversationId]  3.66 kB         155 kB
Î“Ă¶ÂŁ â•žĂ† /[region]/[lang]/jobs                               143 B          99.8 kB
Î“Ă¶ÂŁ â•žĂ† /[region]/[lang]/login                              3.67 kB         100 kB
Î“Ă¶ÂŁ â•žĂ† /[region]/[lang]/mock-test                          4.16 kB        91.9 kB
Î“Ă¶ÂŁ â•žĂ† /[region]/[lang]/mock-test/[id]                     6.93 kB         143 kB
Î“Ă¶ÂŁ â•žĂ† /[region]/[lang]/privacy-policy                     179 B          87.9 kB
Î“Ă¶ÂŁ â•žĂ† /[region]/[lang]/reset-password                     2.74 kB        99.2 kB
Î“Ă¶ÂŁ â•žĂ† /[region]/[lang]/resumes                            2.32 kB         103 kB
Î“Ă¶ÂŁ â•žĂ† /[region]/[lang]/signup                             4.17 kB         101 kB
Î“Ă¶ÂŁ â•žĂ† /[region]/[lang]/terms-of-service                   179 B          87.9 kB
Î“Ă¶ÂŁ â•žĂ† /[region]/[lang]/tools                              3.23 kB        99.7 kB
Î“Ă¶ÂŁ â•žĂ† /admin                                              179 B          87.9 kB
Î“Ă¶ÂŁ â•žĂ† /admin/ai-monitoring                                6.97 kB         189 kB
Î“Ă¶ÂŁ â•žĂ† /admin/coupons                                      4.47 kB         109 kB
Î“Ă¶ÂŁ â•žĂ† /admin/cover-letters                                2.98 kB        90.7 kB
Î“Ă¶ÂŁ â•žĂ† /admin/downloads                                    179 B          87.9 kB
Î“Ă¶ÂŁ â•žĂ† /admin/invoices                                     3.44 kB        99.4 kB
Î“Ă¶ÂŁ â•žĂ† /admin/jobs                                         3.53 kB        91.3 kB
Î“Ă¶ÂŁ â•žĂ† /admin/logs                                         2.07 kB          98 kB
Î“Ă¶ÂŁ â•žĂ† /admin/mock-tests                                   2.1 kB          103 kB
Î“Ă¶ÂŁ â•žĂ† /admin/portfolios                                   2.45 kB         103 kB
Î“Ă¶ÂŁ â•žĂ† /admin/resume-scores                                179 B          87.9 kB
Î“Ă¶ÂŁ â•žĂ† /admin/resumes                                      2.85 kB        95.2 kB
Î“Ă¶ÂŁ â•žĂ† /admin/subscriptions                                4.88 kB         101 kB
Î“Ă¶ÂŁ â•žĂ† /admin/support                                      3.5 kB         99.4 kB
Î“Ă¶ÂŁ â•žĂ† /admin/users                                        4 kB           91.8 kB
Î“Ă¶ÂŁ Î“ĂąĂŻ /ai-mock-interview                                  207 B          96.7 kB
Î“Ă¶ÂŁ Î“ĂąĂŻ /ai-resume-builder                                  207 B          96.7 kB
Î“Ă¶ÂŁ â•žĂ† /api/admin/ai-monitoring                            0 B                0 B
Î“Ă¶ÂŁ â•žĂ† /api/admin/coupons                                  0 B                0 B
Î“Ă¶ÂŁ â•žĂ† /api/admin/coupons/[id]/toggle                      0 B                0 B
Î“Ă¶ÂŁ â•žĂ† /api/admin/coupons/create                           0 B                0 B
Î“Ă¶ÂŁ â•žĂ† /api/admin/cover-letters                            0 B                0 B
Î“Ă¶ÂŁ â•žĂ† /api/admin/invoices                                 0 B                0 B
Î“Ă¶ÂŁ â•žĂ† /api/admin/jobs                                     0 B                0 B
Î“Ă¶ÂŁ â•žĂ† /api/admin/logs                                     0 B                0 B
Î“Ă¶ÂŁ â•žĂ† /api/admin/mock-tests                               0 B                0 B
Î“Ă¶ÂŁ â•žĂ† /api/admin/portfolios                               0 B                0 B
Î“Ă¶ÂŁ â•žĂ† /api/admin/portfolios/[id]/toggle                   0 B                0 B
Î“Ă¶ÂŁ â•žĂ† /api/admin/resumes                                  0 B                0 B
Î“Ă¶ÂŁ â•žĂ† /api/admin/resumes/[id]                             0 B                0 B
Î“Ă¶ÂŁ â•žĂ† /api/admin/resumes/[id]/download                    0 B                0 B
Î“Ă¶ÂŁ â•žĂ† /api/admin/subscriptions                            0 B                0 B
Î“Ă¶ÂŁ â•žĂ† /api/admin/subscriptions/[id]/extend                0 B                0 B
Î“Ă¶ÂŁ â•žĂ† /api/admin/subscriptions/[id]/fix-invoice           0 B                0 B
Î“Ă¶ÂŁ â•žĂ† /api/admin/support                                  0 B                0 B
Î“Ă¶ÂŁ â•žĂ† /api/admin/support/[id]/reply                       0 B                0 B
Î“Ă¶ÂŁ â•žĂ† /api/admin/users                                    0 B                0 B
Î“Ă¶ÂŁ â•žĂ† /api/admin/users/[id]/block                         0 B                0 B
Î“Ă¶ÂŁ â•žĂ† /api/admin/users/[id]/delete                        0 B                0 B
Î“Ă¶ÂŁ â•žĂ† /api/admin/users/[id]/override                      0 B                0 B
Î“Ă¶ÂŁ â•žĂ† /api/admin/users/[id]/upgrade                       0 B                0 B
Î“Ă¶ÂŁ â•žĂ† /api/ai/chat                                        0 B                0 B
Î“Ă¶ÂŁ â•žĂ† /api/ai/conversation                                0 B                0 B
Î“Ă¶ÂŁ â•žĂ† /api/ai/settings                                    0 B                0 B
Î“Ă¶ÂŁ â•žĂ† /api/auth/[provider]                                0 B                0 B
Î“Ă¶ÂŁ â•žĂ† /api/auth/[provider]/callback                       0 B                0 B
Î“Ă¶ÂŁ â•žĂ† /api/auth/signout                                   0 B                0 B
Î“Ă¶ÂŁ â•žĂ† /api/complete-profile                               0 B                0 B
Î“Ă¶ÂŁ â•žĂ† /api/coupon/redeem                                  0 B                0 B
Î“Ă¶ÂŁ â•žĂ† /api/cover-letter/generate                          0 B                0 B
Î“Ă¶ÂŁ â•žĂ† /api/cover-letter/save                              0 B                0 B
Î“Ă¶ÂŁ â•žĂ† /api/forgot-password                                0 B                0 B
Î“Ă¶ÂŁ â•žĂ† /api/geo/detect                                     0 B                0 B
Î“Ă¶ÂŁ â•žĂ† /api/invoices                                       0 B                0 B
Î“Ă¶ÂŁ â•žĂ† /api/invoices/[id]                                  0 B                0 B
Î“Ă¶ÂŁ â•žĂ† /api/invoices/[id]/download                         0 B                0 B
Î“Ă¶ÂŁ â•žĂ† /api/jobs/fetch                                     0 B                0 B
Î“Ă¶ÂŁ â•žĂ† /api/jobs/list                                      0 B                0 B
Î“Ă¶ÂŁ â•žĂ† /api/jobs/track-apply                               0 B                0 B
Î“Ă¶ÂŁ â•žĂ† /api/login                                          0 B                0 B
Î“Ă¶ÂŁ â•žĂ† /api/mock-test/[testId]                             0 B                0 B
Î“Ă¶ÂŁ â•žĂ† /api/mock-test/[testId]/download                    0 B                0 B
Î“Ă¶ÂŁ â•žĂ† /api/mock-test/evaluate                             0 B                0 B
Î“Ă¶ÂŁ â•žĂ† /api/mock-test/generate                             0 B                0 B
Î“Ă¶ÂŁ â•žĂ† /api/payment/activate-coupon                        0 B                0 B
Î“Ă¶ÂŁ â•žĂ† /api/payment/config                                 0 B                0 B
Î“Ă¶ÂŁ â•žĂ† /api/payment/create-order                           0 B                0 B
Î“Ă¶ÂŁ â•žĂ† /api/payment/save-billing                           0 B                0 B
Î“Ă¶ÂŁ â•žĂ† /api/payment/validate-coupon                        0 B                0 B
Î“Ă¶ÂŁ â•žĂ† /api/payment/verify                                 0 B                0 B
Î“Ă¶ÂŁ â•žĂ† /api/payment/webhook                                0 B                0 B
Î“Ă¶ÂŁ â•žĂ† /api/portfolio                                      0 B                0 B
Î“Ă¶ÂŁ â•žĂ† /api/portfolio/[username]/track                     0 B                0 B
Î“Ă¶ÂŁ â•žĂ† /api/portfolio/generate                             0 B                0 B
Î“Ă¶ÂŁ â•žĂ† /api/reset-password                                 0 B                0 B
Î“Ă¶ÂŁ â•žĂ† /api/resume/[id]/versions                           0 B                0 B
Î“Ă¶ÂŁ â•žĂ† /api/resume/[id]/versions/[versionId]               0 B                0 B
Î“Ă¶ÂŁ â•žĂ† /api/resume/analyze                                 0 B                0 B
Î“Ă¶ÂŁ â•žĂ† /api/resume/ats-score                               0 B                0 B
Î“Ă¶ÂŁ â•žĂ† /api/resume/create                                  0 B                0 B
Î“Ă¶ÂŁ â•žĂ† /api/resume/download                                0 B                0 B
Î“Ă¶ÂŁ â•žĂ† /api/resume/enhance-bullet                          0 B                0 B
Î“Ă¶ÂŁ â•žĂ† /api/resume/generate-summary                        0 B                0 B
Î“Ă¶ÂŁ â•žĂ† /api/resume/match-jd                                0 B                0 B
Î“Ă¶ÂŁ â•žĂ† /api/resume/optimize                                0 B                0 B
Î“Ă¶ÂŁ â•žĂ† /api/resume/parse                                   0 B                0 B
Î“Ă¶ÂŁ â•žĂ† /api/signup                                         0 B                0 B
Î“Ă¶ÂŁ â•žĂ† /api/support                                        0 B                0 B
Î“Ă¶ÂŁ â•žĂ† /api/user/access                                    0 B                0 B
Î“Ă¶ÂŁ â•žĂ† /api/user/profile                                   0 B                0 B
Î“Ă¶ÂŁ â•žĂ† /api/user/update-language                           0 B                0 B
Î“Ă¶ÂŁ Î“ĂąĂŻ /ats-resume-builder                                 207 B          96.7 kB
Î“Ă¶ÂŁ â•žĂ† /auth/callback                                      0 B                0 B
Î“Ă¶ÂŁ â•žĂ† /builder/[id]                                       162 kB          371 kB
Î“Ă¶ÂŁ Î“ĂąĂŻ /complete-profile                                   2.49 kB        90.3 kB
Î“Ă¶ÂŁ Î“ĂąĂŻ /icon.svg                                           0 B                0 B
Î“Ă¶ÂŁ Î“ĂąĂŻ /job-interview-ai-coach                             207 B          96.7 kB
Î“Ă¶ÂŁ Î“ĂąĂŻ /portfolio                                          3.89 kB        91.7 kB
Î“Ă¶ÂŁ â•žĂ† /portfolio/[username]                               138 B          94.1 kB
Î“Ă¶ÂŁ â•žĂ† /preview/[token]                                    138 B          94.1 kB
Î“Ă¶ÂŁ Î“ĂąĂŻ /privacy                                            207 B          96.7 kB
Î“Ă¶ÂŁ Î“ĂąĂŻ /sitemap.xml                                        0 B                0 B
Î“Ă¶Ă¶ Î“ĂąĂŻ /terms                                              205 B          96.7 kB
+ First Load JS shared by all                           87.8 kB
  Î“Ă¶ÂŁ chunks/2117-488d789e9004e22c.js                     31.9 kB
  Î“Ă¶ÂŁ chunks/fd9d1056-270721ac51469ce4.js                 53.6 kB
  Î“Ă¶Ă¶ other shared chunks (total)                         2.22 kB


â•žĂ† Middleware                                            33 kB

Î“ĂąĂŻ  (Static)   prerendered as static content
â•žĂ†  (Dynamic)  server-rendered on demand

